<?xml version="1.0" encoding="UTF-8"?>
<testsuite xmlns:xsi="http://www.w3.org/2001/XMLSchema-instance" xsi:noNamespaceSchemaLocation="https://maven.apache.org/surefire/maven-surefire-plugin/xsd/surefire-test-report.xsd" version="3.0.2" name="com.example.project_backend.ProjectBackendApplicationTests" time="5.651" tests="1" errors="0" skipped="0" failures="0">
  <properties>
[...]
</properties>
  <testcase name="contextLoads" classname="com.example.project_backend.ProjectBackendApplicationTests" time="0.276">
    <system-out><![CDATA[17:13:06.426 [main] INFO org.springframework.test.context.support.AnnotationConfigContextLoaderUtils -- Could not detect default configuration classes for test class [com.example.project_backend.ProjectBackendApplicationTests]: ProjectBackendApplicationTests does not declare any static, non-private, non-final, nested classes annotated with @Configuration.
17:13:06.517 [main] INFO org.springframework.boot.test.context.SpringBootTestContextBootstrapper -- Found @SpringBootConfiguration com.example.project_backend.ProjectBackendApplication for test class com.example.project_backend.ProjectBackendApplicationTests
17:13:06.671 [main] INFO org.springframework.boot.devtools.restart.RestartApplicationListener -- Restart disabled due to context in which it is running

  .   ____          _            __ _ _
 /\\ / ___'_ __ _ _(_)_ __  __ _ \ \ \ \
( ( )\___ | '_ | '_| | '_ \/ _` | \ \ \ \
 \\/  ___)| |_)| | | | | || (_| |  ) ) ) )
  '  |____| .__|_| |_|_| |_\__, | / / / /
 =========|_|==============|___/=/_/_/_/

&amp#27;[32m :: Spring Boot :: &amp#27;[39m              &amp#27;[2m (v3.5.0)&amp#27;[0;39m

&amp#27;[2m2025-06-23T17:13:06.955+09:00&amp#27;[0;39m &amp#27;[32m INFO&amp#27;[0;39m &amp#27;[35m17636&amp#27;[0;39m &amp#27;[2m--- [project_backend] [           main] &amp#27;[0;39m&amp#27;[36mc.e.p.ProjectBackendApplicationTests    &amp#27;[0;39m &amp#27;[2m:&amp#27;[0;39m Starting ProjectBackendApplicationTests using Java 17.0.13 with PID 17636 (started by Admin in C:\Source\teamP_t1\Backend\project_backend)
&amp#27;[2m2025-06-23T17:13:06.955+09:00&amp#27;[0;39m &amp#27;[32m INFO&amp#27;[0;39m &amp#27;[35m17636&amp#27;[0;39m &amp#27;[2m--- [project_backend] [           main] &amp#27;[0;39m&amp#27;[36mc.e.p.ProjectBackendApplicationTests    &amp#27;[0;39m &amp#27;[2m:&amp#27;[0;39m No active profile set, falling back to 1 default profile: "default"
&amp#27;[2m2025-06-23T17:13:07.678+09:00&amp#27;[0;39m &amp#27;[32m INFO&amp#27;[0;39m &amp#27;[35m17636&amp#27;[0;39m &amp#27;[2m--- [project_backend] [           main] &amp#27;[0;39m&amp#27;[36m.s.d.r.c.RepositoryConfigurationDelegate&amp#27;[0;39m &amp#27;[2m:&amp#27;[0;39m Bootstrapping Spring Data JPA repositories in DEFAULT mode.
&amp#27;[2m2025-06-23T17:13:07.730+09:00&amp#27;[0;39m &amp#27;[32m INFO&amp#27;[0;39m &amp#27;[35m17636&amp#27;[0;39m &amp#27;[2m--- [project_backend] [           main] &amp#27;[0;39m&amp#27;[36m.s.d.r.c.RepositoryConfigurationDelegate&amp#27;[0;39m &amp#27;[2m:&amp#27;[0;39m Finished Spring Data repository scanning in 41 ms. Found 2 JPA repository interfaces.
&amp#27;[2m2025-06-23T17:13:08.323+09:00&amp#27;[0;39m &amp#27;[32m INFO&amp#27;[0;39m &amp#27;[35m17636&amp#27;[0;39m &amp#27;[2m--- [project_backend] [           main] &amp#27;[0;39m&amp#27;[36mo.hibernate.jpa.internal.util.LogHelper &amp#27;[0;39m &amp#27;[2m:&amp#27;[0;39m HHH000204: Processing PersistenceUnitInfo [name: default]
&amp#27;[2m2025-06-23T17:13:08.372+09:00&amp#27;[0;39m &amp#27;[32m INFO&amp#27;[0;39m &amp#27;[35m17636&amp#27;[0;39m &amp#27;[2m--- [project_backend] [           main] &amp#27;[0;39m&amp#27;[36morg.hibernate.Version                   &amp#27;[0;39m &amp#27;[2m:&amp#27;[0;39m HHH000412: Hibernate ORM core version 6.6.15.Final
&amp#27;[2m2025-06-23T17:13:08.405+09:00&amp#27;[0;39m &amp#27;[32m INFO&amp#27;[0;39m &amp#27;[35m17636&amp#27;[0;39m &amp#27;[2m--- [project_backend] [           main] &amp#27;[0;39m&amp#27;[36mo.h.c.internal.RegionFactoryInitiator   &amp#27;[0;39m &amp#27;[2m:&amp#27;[0;39m HHH000026: Second-level cache disabled
&amp#27;[2m2025-06-23T17:13:08.712+09:00&amp#27;[0;39m &amp#27;[32m INFO&amp#27;[0;39m &amp#27;[35m17636&amp#27;[0;39m &amp#27;[2m--- [project_backend] [           main] &amp#27;[0;39m&amp#27;[36mo.s.o.j.p.SpringPersistenceUnitInfo     &amp#27;[0;39m &amp#27;[2m:&amp#27;[0;39m No LoadTimeWeaver setup: ignoring JPA class transformer
&amp#27;[2m2025-06-23T17:13:08.766+09:00&amp#27;[0;39m &amp#27;[32m INFO&amp#27;[0;39m &amp#27;[35m17636&amp#27;[0;39m &amp#27;[2m--- [project_backend] [           main] &amp#27;[0;39m&amp#27;[36mcom.zaxxer.hikari.HikariDataSource      &amp#27;[0;39m &amp#27;[2m:&amp#27;[0;39m HikariPool-1 - Starting...
&amp#27;[2m2025-06-23T17:13:09.064+09:00&amp#27;[0;39m &amp#27;[32m INFO&amp#27;[0;39m &amp#27;[35m17636&amp#27;[0;39m &amp#27;[2m--- [project_backend] [           main] &amp#27;[0;39m&amp#27;[36mcom.zaxxer.hikari.pool.HikariPool       &amp#27;[0;39m &amp#27;[2m:&amp#27;[0;39m HikariPool-1 - Added connection oracle.jdbc.driver.T4CConnection@3e2d8623
&amp#27;[2m2025-06-23T17:13:09.064+09:00&amp#27;[0;39m &amp#27;[32m INFO&amp#27;[0;39m &amp#27;[35m17636&amp#27;[0;39m &amp#27;[2m--- [project_backend] [           main] &amp#27;[0;39m&amp#27;[36mcom.zaxxer.hikari.HikariDataSource      &amp#27;[0;39m &amp#27;[2m:&amp#27;[0;39m HikariPool-1 - Start completed.
&amp#27;[2m2025-06-23T17:13:09.138+09:00&amp#27;[0;39m &amp#27;[33m WARN&amp#27;[0;39m &amp#27;[35m17636&amp#27;[0;39m &amp#27;[2m--- [project_backend] [           main] &amp#27;[0;39m&amp#27;[36morg.hibernate.dialect.Dialect           &amp#27;[0;39m &amp#27;[2m:&amp#27;[0;39m HHH000511: The 11.2.0 version for [org.hibernate.dialect.OracleDialect] is no longer supported, hence certain features may not work properly. The minimum supported version is 19.0.0. Check the community dialects project for available legacy versions.
&amp#27;[2m2025-06-23T17:13:09.138+09:00&amp#27;[0;39m &amp#27;[33m WARN&amp#27;[0;39m &amp#27;[35m17636&amp#27;[0;39m &amp#27;[2m--- [project_backend] [           main] &amp#27;[0;39m&amp#27;[36morg.hibernate.orm.deprecation           &amp#27;[0;39m &amp#27;[2m:&amp#27;[0;39m HHH90000025: OracleDialect does not need to be specified explicitly using 'hibernate.dialect' (remove the property setting and it will be selected by default)
&amp#27;[2m2025-06-23T17:13:09.255+09:00&amp#27;[0;39m &amp#27;[32m INFO&amp#27;[0;39m &amp#27;[35m17636&amp#27;[0;39m &amp#27;[2m--- [project_backend] [           main] &amp#27;[0;39m&amp#27;[36morg.hibernate.orm.connections.pooling   &amp#27;[0;39m &amp#27;[2m:&amp#27;[0;39m HHH10001005: Database info:
	Database JDBC URL [Connecting through datasource 'HikariDataSource (HikariPool-1)']
	Database driver: undefined/unknown
	Database version: 11.2
	Autocommit mode: undefined/unknown
	Isolation level: undefined/unknown
	Minimum pool size: undefined/unknown
	Maximum pool size: undefined/unknown
&amp#27;[2m2025-06-23T17:13:09.860+09:00&amp#27;[0;39m &amp#27;[32m INFO&amp#27;[0;39m &amp#27;[35m17636&amp#27;[0;39m &amp#27;[2m--- [project_backend] [           main] &amp#27;[0;39m&amp#27;[36mo.h.e.t.j.p.i.JtaPlatformInitiator      &amp#27;[0;39m &amp#27;[2m:&amp#27;[0;39m HHH000489: No JTA platform available (set 'hibernate.transaction.jta.platform' to enable JTA platform integration)
&amp#27;[2m2025-06-23T17:13:10.524+09:00&amp#27;[0;39m &amp#27;[32m INFO&amp#27;[0;39m &amp#27;[35m17636&amp#27;[0;39m &amp#27;[2m--- [project_backend] [           main] &amp#27;[0;39m&amp#27;[36mj.LocalContainerEntityManagerFactoryBean&amp#27;[0;39m &amp#27;[2m:&amp#27;[0;39m Initialized JPA EntityManagerFactory for persistence unit 'default'
&amp#27;[2m2025-06-23T17:13:11.149+09:00&amp#27;[0;39m &amp#27;[33m WARN&amp#27;[0;39m &amp#27;[35m17636&amp#27;[0;39m &amp#27;[2m--- [project_backend] [           main] &amp#27;[0;39m&amp#27;[36mJpaBaseConfiguration$JpaWebConfiguration&amp#27;[0;39m &amp#27;[2m:&amp#27;[0;39m spring.jpa.open-in-view is enabled by default. Therefore, database queries may be performed during view rendering. Explicitly configure spring.jpa.open-in-view to disable this warning
&amp#27;[2m2025-06-23T17:13:11.652+09:00&amp#27;[0;39m &amp#27;[32m INFO&amp#27;[0;39m &amp#27;[35m17636&amp#27;[0;39m &amp#27;[2m--- [project_backend] [           main] &amp#27;[0;39m&amp#27;[36mc.e.p.ProjectBackendApplicationTests    &amp#27;[0;39m &amp#27;[2m:&amp#27;[0;39m Started ProjectBackendApplicationTests in 4.99 seconds (process running for 5.92)
]]></system-out>
  </testcase>
</testsuite>